Sep-03 17:38:34.358 [main] DEBUG nextflow.cli.Launcher - $> nextflow -C /workspace/Workspace/EST/conf/est/docker.config -log /workspace/Workspace/EST/results/final_ssn/nextflow.log run /workspace/Workspace/EST/pipelines/est/est.nf -params-file /workspace/Workspace/EST/results/final_ssn/params.yml -with-report /workspace/Workspace/EST/results/final_ssn/report.html -with-timeline /workspace/Workspace/EST/results/final_ssn/timeline.html -w /workspace/Workspace/EST/results/final_ssn/work
Sep-03 17:38:34.537 [main] DEBUG nextflow.cli.CmdRun - N E X T F L O W  ~  version 24.04.4
Sep-03 17:38:34.566 [main] DEBUG nextflow.plugin.PluginsFacade - Setting up plugin manager > mode=prod; embedded=false; plugins-dir=/root/.nextflow/plugins; core-plugins: nf-amazon@2.5.3,nf-azure@1.6.1,nf-cloudcache@0.4.1,nf-codecommit@0.2.1,nf-console@1.1.3,nf-ga4gh@1.3.0,nf-google@1.13.2-patch1,nf-tower@1.9.1,nf-wave@1.4.2-patch1
Sep-03 17:38:34.581 [main] INFO  o.pf4j.DefaultPluginStatusProvider - Enabled plugins: []
Sep-03 17:38:34.582 [main] INFO  o.pf4j.DefaultPluginStatusProvider - Disabled plugins: []
Sep-03 17:38:34.585 [main] INFO  org.pf4j.DefaultPluginManager - PF4J version 3.12.0 in 'deployment' mode
Sep-03 17:38:34.598 [main] INFO  org.pf4j.AbstractPluginManager - No plugins
Sep-03 17:38:34.619 [main] DEBUG nextflow.config.ConfigBuilder - Parsing config file: /workspace/Workspace/EST/conf/est/docker.config
Sep-03 17:38:34.648 [main] DEBUG n.secret.LocalSecretsProvider - Secrets store: /root/.nextflow/secrets/store.json
Sep-03 17:38:34.651 [main] DEBUG nextflow.secret.SecretsLoader - Discovered secrets providers: [nextflow.secret.LocalSecretsProvider@4e31c3ec] - activable => nextflow.secret.LocalSecretsProvider@4e31c3ec
Sep-03 17:38:34.688 [main] DEBUG nextflow.config.ConfigBuilder - Applying config profile: `standard`
Sep-03 17:38:35.120 [main] DEBUG nextflow.cli.CmdRun - Applied DSL=2 by global default
Sep-03 17:38:35.126 [main] DEBUG nextflow.cli.CmdRun - Launching `/workspace/Workspace/EST/pipelines/est/est.nf` [soggy_shirley] DSL2 - revision: 4e5894236b
Sep-03 17:38:35.127 [main] DEBUG nextflow.plugin.PluginsFacade - Plugins default=[]
Sep-03 17:38:35.127 [main] DEBUG nextflow.plugin.PluginsFacade - Plugins resolved requirement=[]
Sep-03 17:38:35.172 [main] DEBUG nextflow.Session - Session UUID: 71cf0c76-64f0-45bb-ad30-897a505701f0
Sep-03 17:38:35.172 [main] DEBUG nextflow.Session - Run name: soggy_shirley
Sep-03 17:38:35.172 [main] DEBUG nextflow.Session - Executor pool size: 144
Sep-03 17:38:35.179 [main] DEBUG nextflow.file.FilePorter - File porter settings maxRetries=3; maxTransfers=50; pollTimeout=null
Sep-03 17:38:35.201 [main] DEBUG nextflow.cli.CmdRun - 
  Version: 24.04.4 build 5917
  Created: 01-08-2024 07:05 UTC (15:05 MYST)
  System: Linux 5.15.0-152-generic
  Runtime: Groovy 4.0.21 on OpenJDK 64-Bit Server VM 21.0.8+9-Ubuntu-0ubuntu124.04.1
  Encoding: UTF-8 (UTF-8)
  Process: 348@neroism-cuda [172.17.0.4]
  CPUs: 144 - Mem: 1007.5 GB (84.3 GB) - Swap: 8 GB (8 GB) - Virtual threads ON
Sep-03 17:38:35.222 [main] DEBUG nextflow.Session - Work-dir: /workspace/Workspace/EST/results/final_ssn/work [ext2/ext3]
Sep-03 17:38:35.222 [main] DEBUG nextflow.Session - Script base path does not exist or is not a directory: /workspace/Workspace/EST/pipelines/est/bin
Sep-03 17:38:35.247 [main] DEBUG nextflow.executor.ExecutorFactory - Extension executors providers=[GoogleLifeSciencesExecutor, AwsBatchExecutor, GoogleBatchExecutor]
Sep-03 17:38:35.262 [main] DEBUG nextflow.Session - Observer factory: DefaultObserverFactory
Sep-03 17:38:35.275 [main] DEBUG nextflow.Session - Observer factory: WaveFactory
Sep-03 17:38:35.275 [main] DEBUG nextflow.Session - Observer factory: TowerFactory
Sep-03 17:38:35.314 [main] DEBUG nextflow.cache.CacheFactory - Using Nextflow cache factory: nextflow.cache.DefaultCacheFactory
Sep-03 17:38:35.326 [main] DEBUG nextflow.util.CustomPoolFactory - Creating virtual thread pool
Sep-03 17:38:35.365 [main] DEBUG nextflow.Session - Session start
Sep-03 17:38:36.146 [main] DEBUG nextflow.script.ScriptRunner - > Launching execution
Sep-03 17:38:36.392 [main] DEBUG nextflow.executor.ExecutorFactory - << taskConfig executor: null
Sep-03 17:38:36.393 [main] DEBUG nextflow.executor.ExecutorFactory - >> processorType: 'local'
Sep-03 17:38:36.397 [main] DEBUG nextflow.executor.Executor - [warm up] executor > local
Sep-03 17:38:36.405 [main] DEBUG n.processor.LocalPollingMonitor - Creating local task monitor for executor 'local' > cpus=144; memory=1007.5 GB; capacity=144; pollInterval=100ms; dumpInterval=5m
Sep-03 17:38:36.407 [main] DEBUG n.processor.TaskPollingMonitor - >>> barrier register (monitor: local)
Sep-03 17:38:36.511 [main] DEBUG nextflow.executor.ExecutorFactory - << taskConfig executor: null
Sep-03 17:38:36.511 [main] DEBUG nextflow.executor.ExecutorFactory - >> processorType: 'local'
Sep-03 17:38:36.521 [main] DEBUG nextflow.executor.ExecutorFactory - << taskConfig executor: null
Sep-03 17:38:36.521 [main] DEBUG nextflow.executor.ExecutorFactory - >> processorType: 'local'
Sep-03 17:38:36.528 [main] DEBUG nextflow.executor.ExecutorFactory - << taskConfig executor: null
Sep-03 17:38:36.528 [main] DEBUG nextflow.executor.ExecutorFactory - >> processorType: 'local'
Sep-03 17:38:36.552 [main] DEBUG nextflow.executor.ExecutorFactory - << taskConfig executor: null
Sep-03 17:38:36.552 [main] DEBUG nextflow.executor.ExecutorFactory - >> processorType: 'local'
Sep-03 17:38:36.559 [main] DEBUG nextflow.executor.ExecutorFactory - << taskConfig executor: null
Sep-03 17:38:36.559 [main] DEBUG nextflow.executor.ExecutorFactory - >> processorType: 'local'
Sep-03 17:38:36.582 [main] DEBUG nextflow.executor.ExecutorFactory - << taskConfig executor: null
Sep-03 17:38:36.582 [main] DEBUG nextflow.executor.ExecutorFactory - >> processorType: 'local'
Sep-03 17:38:36.589 [main] DEBUG nextflow.executor.ExecutorFactory - << taskConfig executor: null
Sep-03 17:38:36.589 [main] DEBUG nextflow.executor.ExecutorFactory - >> processorType: 'local'
Sep-03 17:38:36.594 [main] DEBUG nextflow.executor.ExecutorFactory - << taskConfig executor: null
Sep-03 17:38:36.594 [main] DEBUG nextflow.executor.ExecutorFactory - >> processorType: 'local'
Sep-03 17:38:36.599 [main] DEBUG nextflow.executor.ExecutorFactory - << taskConfig executor: null
Sep-03 17:38:36.599 [main] DEBUG nextflow.executor.ExecutorFactory - >> processorType: 'local'
